{"/Users/qadam/Desktop/repos/snappfood-clone/vite.config.ts": {"path":"/Users/qadam/Desktop/repos/snappfood-clone/vite.config.ts","statementMap":{"0":{"start":{"line":1,"column":0},"end":{"line":1,"column":36}},"1":{"start":{"line":2,"column":0},"end":{"line":2,"column":45}},"2":{"start":{"line":3,"column":0},"end":{"line":3,"column":56}},"3":{"start":{"line":4,"column":0},"end":{"line":4,"column":29}},"4":{"start":{"line":6,"column":0},"end":{"line":18,"column":3}}},"fnMap":{},"branchMap":{},"s":{"0":0,"1":0,"2":0,"3":0,"4":0},"f":{},"b":{}}
,"/Users/qadam/Desktop/repos/snappfood-clone/src/redux/services/baseQuery.ts": {"path":"/Users/qadam/Desktop/repos/snappfood-clone/src/redux/services/baseQuery.ts","statementMap":{"0":{"start":{"line":3,"column":0},"end":{"line":3,"column":32}},"1":{"start":{"line":5,"column":0},"end":{"line":5,"column":44}},"2":{"start":{"line":11,"column":0},"end":{"line":11,"column":30}},"3":{"start":{"line":19,"column":4},"end":{"line":98,"column":5}},"4":{"start":{"line":20,"column":4},"end":{"line":98,"column":5}},"5":{"start":{"line":21,"column":48},"end":{"line":21,"column":61}},"6":{"start":{"line":23,"column":27},"end":{"line":26,"column":10}},"7":{"start":{"line":28,"column":27},"end":{"line":28,"column":49}},"8":{"start":{"line":30,"column":8},"end":{"line":97,"column":9}},"9":{"start":{"line":31,"column":27},"end":{"line":37,"column":14}},"10":{"start":{"line":39,"column":12},"end":{"line":39,"column":42}},"11":{"start":{"line":41,"column":22},"end":{"line":41,"column":44}},"12":{"start":{"line":43,"column":41},"end":{"line":43,"column":45}},"13":{"start":{"line":45,"column":33},"end":{"line":45,"column":34}},"14":{"start":{"line":47,"column":36},"end":{"line":47,"column":41}},"15":{"start":{"line":49,"column":12},"end":{"line":90,"column":13}},"16":{"start":{"line":50,"column":34},"end":{"line":50,"column":56}},"17":{"start":{"line":51,"column":16},"end":{"line":68,"column":17}},"18":{"start":{"line":52,"column":20},"end":{"line":67,"column":21}},"19":{"start":{"line":53,"column":24},"end":{"line":66,"column":26}},"20":{"start":{"line":58,"column":68},"end":{"line":58,"column":72}},"21":{"start":{"line":59,"column":44},"end":{"line":59,"column":54}},"22":{"start":{"line":60,"column":32},"end":{"line":62,"column":33}},"23":{"start":{"line":61,"column":36},"end":{"line":61,"column":66}},"24":{"start":{"line":63,"column":32},"end":{"line":63,"column":43}},"25":{"start":{"line":69,"column":16},"end":{"line":73,"column":17}},"26":{"start":{"line":70,"column":20},"end":{"line":70,"column":67}},"27":{"start":{"line":71,"column":23},"end":{"line":73,"column":17}},"28":{"start":{"line":72,"column":20},"end":{"line":72,"column":74}},"29":{"start":{"line":75,"column":16},"end":{"line":77,"column":17}},"30":{"start":{"line":76,"column":20},"end":{"line":76,"column":47}},"31":{"start":{"line":79,"column":16},"end":{"line":81,"column":17}},"32":{"start":{"line":80,"column":20},"end":{"line":80,"column":59}},"33":{"start":{"line":82,"column":19},"end":{"line":90,"column":13}},"34":{"start":{"line":83,"column":16},"end":{"line":85,"column":18}},"35":{"start":{"line":86,"column":16},"end":{"line":86,"column":32}},"36":{"start":{"line":88,"column":16},"end":{"line":89,"column":76}},"37":{"start":{"line":92,"column":26},"end":{"line":94,"column":14}},"38":{"start":{"line":96,"column":12},"end":{"line":96,"column":25}},"39":{"start":{"line":100,"column":0},"end":{"line":100,"column":27}}},"fnMap":{"0":{"name":"(anonymous_1)","decl":{"start":{"line":19,"column":4},"end":{"line":19,"column":54}},"loc":{"start":{"line":20,"column":4},"end":{"line":98,"column":5}}},"1":{"name":"(anonymous_2)","decl":{"start":{"line":20,"column":4},"end":{"line":20,"column":9}},"loc":{"start":{"line":20,"column":28},"end":{"line":98,"column":5}}},"2":{"name":"(anonymous_3)","decl":{"start":{"line":54,"column":28},"end":{"line":54,"column":null}},"loc":{"start":{"line":57,"column":32},"end":{"line":64,"column":29}}}},"branchMap":{"0":{"loc":{"start":{"line":25,"column":16},"end":{"line":25,"column":46}},"type":"binary-expr","locations":[{"start":{"line":25,"column":17},"end":{"line":25,"column":24}},{"start":{"line":25,"column":28},"end":{"line":25,"column":39}},{"start":{"line":25,"column":44},"end":{"line":25,"column":46}}]},"1":{"loc":{"start":{"line":49,"column":12},"end":{"line":90,"column":13}},"type":"if","locations":[{"start":{"line":49,"column":12},"end":{"line":90,"column":13}},{"start":{"line":82,"column":19},"end":{"line":90,"column":13}}]},"2":{"loc":{"start":{"line":51,"column":16},"end":{"line":68,"column":17}},"type":"if","locations":[{"start":{"line":51,"column":16},"end":{"line":68,"column":17}}]},"3":{"loc":{"start":{"line":52,"column":20},"end":{"line":67,"column":21}},"type":"if","locations":[{"start":{"line":52,"column":20},"end":{"line":67,"column":21}}]},"4":{"loc":{"start":{"line":60,"column":32},"end":{"line":62,"column":33}},"type":"if","locations":[{"start":{"line":60,"column":32},"end":{"line":62,"column":33}}]},"5":{"loc":{"start":{"line":69,"column":16},"end":{"line":73,"column":17}},"type":"if","locations":[{"start":{"line":69,"column":16},"end":{"line":73,"column":17}},{"start":{"line":71,"column":23},"end":{"line":73,"column":17}}]},"6":{"loc":{"start":{"line":71,"column":23},"end":{"line":73,"column":17}},"type":"if","locations":[{"start":{"line":71,"column":23},"end":{"line":73,"column":17}}]},"7":{"loc":{"start":{"line":75,"column":16},"end":{"line":77,"column":17}},"type":"if","locations":[{"start":{"line":75,"column":16},"end":{"line":77,"column":17}}]},"8":{"loc":{"start":{"line":79,"column":16},"end":{"line":81,"column":17}},"type":"if","locations":[{"start":{"line":79,"column":16},"end":{"line":81,"column":17}}]},"9":{"loc":{"start":{"line":82,"column":19},"end":{"line":90,"column":13}},"type":"if","locations":[{"start":{"line":82,"column":19},"end":{"line":90,"column":13}},{"start":{"line":87,"column":19},"end":{"line":90,"column":13}}]},"10":{"loc":{"start":{"line":89,"column":20},"end":{"line":89,"column":75}},"type":"cond-expr","locations":[{"start":{"line":89,"column":61},"end":{"line":89,"column":70}},{"start":{"line":89,"column":73},"end":{"line":89,"column":75}}]}},"s":{"0":4,"1":4,"2":4,"3":4,"4":4,"5":1,"6":1,"7":1,"8":1,"9":1,"10":0,"11":0,"12":0,"13":0,"14":0,"15":0,"16":0,"17":0,"18":0,"19":0,"20":0,"21":0,"22":0,"23":0,"24":0,"25":0,"26":0,"27":0,"28":0,"29":0,"30":0,"31":0,"32":0,"33":0,"34":0,"35":0,"36":0,"37":0,"38":0,"39":4},"f":{"0":4,"1":1,"2":0},"b":{"0":[1,1,1],"1":[0,0],"2":[0],"3":[0],"4":[0],"5":[0,0],"6":[0],"7":[0],"8":[0],"9":[0,0],"10":[0,0]}}
,"/Users/qadam/Desktop/repos/snappfood-clone/src/routes/paths.ts": {"path":"/Users/qadam/Desktop/repos/snappfood-clone/src/routes/paths.ts","statementMap":{"0":{"start":{"line":1,"column":0},"end":{"line":1,"column":32}},"1":{"start":{"line":3,"column":19},"end":{"line":3,"column":21}},"2":{"start":{"line":5,"column":13},"end":{"line":9,"column":2}}},"fnMap":{},"branchMap":{},"s":{"0":3,"1":3,"2":3},"f":{},"b":{}}
,"/Users/qadam/Desktop/repos/snappfood-clone/src/utils/i18n.ts": {"path":"/Users/qadam/Desktop/repos/snappfood-clone/src/utils/i18n.ts","statementMap":{"0":{"start":{"line":1,"column":0},"end":{"line":1,"column":27}},"1":{"start":{"line":2,"column":0},"end":{"line":2,"column":49}},"2":{"start":{"line":3,"column":0},"end":{"line":3,"column":51}},"3":{"start":{"line":4,"column":0},"end":{"line":4,"column":63}},"4":{"start":{"line":6,"column":18},"end":{"line":13,"column":2}},"5":{"start":{"line":15,"column":0},"end":{"line":26,"column":7}},"6":{"start":{"line":28,"column":0},"end":{"line":28,"column":20}}},"fnMap":{},"branchMap":{},"s":{"0":4,"1":4,"2":4,"3":4,"4":4,"5":4,"6":4},"f":{},"b":{}}
}
