{"/Users/qadam/Desktop/repos/snappfood-clone/src/hooks/useInfiniteScroll.ts": {"path":"/Users/qadam/Desktop/repos/snappfood-clone/src/hooks/useInfiniteScroll.ts","statementMap":{"0":{"start":{"line":1,"column":0},"end":{"line":1,"column":44}},"1":{"start":{"line":3,"column":26},"end":{"line":36,"column":1}},"2":{"start":{"line":8,"column":28},"end":{"line":8,"column":39}},"3":{"start":{"line":10,"column":4},"end":{"line":33,"column":33}},"4":{"start":{"line":11,"column":25},"end":{"line":26,"column":9}},"5":{"start":{"line":12,"column":12},"end":{"line":25,"column":13}},"6":{"start":{"line":13,"column":36},"end":{"line":14,"column":null}},"7":{"start":{"line":17,"column":16},"end":{"line":24,"column":17}},"8":{"start":{"line":18,"column":33},"end":{"line":18,"column":68}},"9":{"start":{"line":19,"column":45},"end":{"line":19,"column":78}},"10":{"start":{"line":21,"column":20},"end":{"line":23,"column":21}},"11":{"start":{"line":22,"column":24},"end":{"line":22,"column":60}},"12":{"start":{"line":22,"column":46},"end":{"line":22,"column":58}},"13":{"start":{"line":28,"column":8},"end":{"line":28,"column":54}},"14":{"start":{"line":30,"column":8},"end":{"line":32,"column":10}},"15":{"start":{"line":31,"column":12},"end":{"line":31,"column":61}},"16":{"start":{"line":35,"column":4},"end":{"line":35,"column":20}},"17":{"start":{"line":38,"column":0},"end":{"line":38,"column":33}}},"fnMap":{"0":{"name":"(anonymous_0)","decl":{"start":{"line":3,"column":26},"end":{"line":3,"column":null}},"loc":{"start":{"line":7,"column":4},"end":{"line":36,"column":1}}},"1":{"name":"(anonymous_1)","decl":{"start":{"line":10,"column":14},"end":{"line":10,"column":17}},"loc":{"start":{"line":10,"column":19},"end":{"line":33,"column":5}}},"2":{"name":"(anonymous_2)","decl":{"start":{"line":11,"column":25},"end":{"line":11,"column":28}},"loc":{"start":{"line":11,"column":30},"end":{"line":26,"column":9}}},"3":{"name":"(anonymous_3)","decl":{"start":{"line":22,"column":32},"end":{"line":22,"column":33}},"loc":{"start":{"line":22,"column":46},"end":{"line":22,"column":58}}},"4":{"name":"(anonymous_4)","decl":{"start":{"line":30,"column":15},"end":{"line":30,"column":18}},"loc":{"start":{"line":30,"column":20},"end":{"line":32,"column":9}}}},"branchMap":{"0":{"loc":{"start":{"line":12,"column":12},"end":{"line":25,"column":13}},"type":"if","locations":[{"start":{"line":12,"column":12},"end":{"line":25,"column":13}}]},"1":{"loc":{"start":{"line":17,"column":16},"end":{"line":24,"column":17}},"type":"if","locations":[{"start":{"line":17,"column":16},"end":{"line":24,"column":17}}]},"2":{"loc":{"start":{"line":21,"column":20},"end":{"line":23,"column":21}},"type":"if","locations":[{"start":{"line":21,"column":20},"end":{"line":23,"column":21}}]},"3":{"loc":{"start":{"line":21,"column":24},"end":{"line":21,"column":69}},"type":"binary-expr","locations":[{"start":{"line":21,"column":24},"end":{"line":21,"column":40}},{"start":{"line":21,"column":44},"end":{"line":21,"column":54}},{"start":{"line":21,"column":58},"end":{"line":21,"column":69}}]}},"s":{"0":0,"1":0,"2":0,"3":0,"4":0,"5":0,"6":0,"7":0,"8":0,"9":0,"10":0,"11":0,"12":0,"13":0,"14":0,"15":0,"16":0,"17":0},"f":{"0":0,"1":0,"2":0,"3":0,"4":0},"b":{"0":[0],"1":[0],"2":[0],"3":[0,0,0]}}
}
